13:13:14 INFO  : Registering command handlers for SDK TCF services
13:13:15 INFO  : Launching XSCT server: xsct -n -interactive /home/jacoboffersen/project_1.sdk/temp_xsdb_launch_script.tcl
13:13:17 INFO  : XSCT server has started successfully.
13:13:17 INFO  : Successfully done setting XSCT server connection channel  
13:13:17 INFO  : Successfully done setting SDK workspace  
13:13:17 INFO  : Processing command line option -hwspec /home/jacoboffersen/project_1.sdk/design_1_wrapper.hdf.
13:14:36 INFO  : Connected to target on host '127.0.0.1' and port '3121'.
13:14:36 INFO  : 'targets -set -filter {jtag_cable_name =~ "Digilent Zybo 210279772620A" && level==0} -index 1' command is executed.
13:14:37 INFO  : FPGA configured successfully with bitstream "/home/jacoboffersen/project_1.sdk/design_1_wrapper_hw_platform_0/design_1_wrapper.bit"
13:17:15 INFO  : Registering command handlers for SDK TCF services
13:17:16 INFO  : Launching XSCT server: xsct -n -interactive /home/jacoboffersen/project_1.sdk/temp_xsdb_launch_script.tcl
13:17:18 INFO  : XSCT server has started successfully.
13:17:18 INFO  : Successfully done setting XSCT server connection channel  
13:17:18 INFO  : Successfully done setting SDK workspace  
13:17:18 INFO  : Processing command line option -hwspec /home/jacoboffersen/project_1.sdk/design_1_wrapper.hdf.
13:17:18 INFO  : Checking for hwspec changes in the project design_1_wrapper_hw_platform_0.
13:17:37 INFO  : Connected to target on host '127.0.0.1' and port '3121'.
13:17:37 INFO  : 'targets -set -filter {jtag_cable_name =~ "Digilent Zybo 210279772620A" && level==0} -index 1' command is executed.
13:17:38 INFO  : FPGA configured successfully with bitstream "/home/jacoboffersen/project_1.sdk/design_1_wrapper_hw_platform_0/design_1_wrapper.bit"
13:17:44 INFO  : 'targets -set -filter {jtag_cable_name =~ "Digilent Zybo 210279772620A" && level==0} -index 1' command is executed.
13:17:44 INFO  : 'fpga -state' command is executed.
13:17:44 INFO  : Connected to target on host '127.0.0.1' and port '3121'.
13:17:44 INFO  : Jtag cable 'Digilent Zybo 210279772620A' is selected.
13:17:44 INFO  : 'jtag frequency' command is executed.
13:17:44 INFO  : Sourcing of '/home/jacoboffersen/project_1.sdk/design_1_wrapper_hw_platform_0/ps7_init.tcl' is done.
13:17:44 INFO  : Context for 'APU' is selected.
13:17:44 INFO  : Hardware design information is loaded from '/home/jacoboffersen/project_1.sdk/design_1_wrapper_hw_platform_0/system.hdf'.
13:17:44 INFO  : 'configparams force-mem-access 1' command is executed.
13:17:44 INFO  : Context for 'APU' is selected.
13:17:44 INFO  : 'stop' command is executed.
13:17:44 INFO  : 'ps7_init' command is executed.
13:17:44 INFO  : 'ps7_post_config' command is executed.
13:17:44 INFO  : Context for processor 'ps7_cortexa9_0' is selected.
13:17:44 INFO  : Processor reset is completed for 'ps7_cortexa9_0'.
13:17:44 INFO  : Context for processor 'ps7_cortexa9_0' is selected.
13:17:45 INFO  : The application '/home/jacoboffersen/project_1.sdk/project/Debug/project.elf' is downloaded to processor 'ps7_cortexa9_0'.
13:17:45 INFO  : 'configparams force-mem-access 0' command is executed.
13:17:45 INFO  : ----------------XSDB Script----------------
connect -url tcp:127.0.0.1:3121
source /home/jacoboffersen/project_1.sdk/design_1_wrapper_hw_platform_0/ps7_init.tcl
targets -set -nocase -filter {name =~"APU*" && jtag_cable_name =~ "Digilent Zybo 210279772620A"} -index 0
loadhw -hw /home/jacoboffersen/project_1.sdk/design_1_wrapper_hw_platform_0/system.hdf -mem-ranges [list {0x40000000 0xbfffffff}]
configparams force-mem-access 1
targets -set -nocase -filter {name =~"APU*" && jtag_cable_name =~ "Digilent Zybo 210279772620A"} -index 0
stop
ps7_init
ps7_post_config
targets -set -nocase -filter {name =~ "ARM*#0" && jtag_cable_name =~ "Digilent Zybo 210279772620A"} -index 0
rst -processor
targets -set -nocase -filter {name =~ "ARM*#0" && jtag_cable_name =~ "Digilent Zybo 210279772620A"} -index 0
dow /home/jacoboffersen/project_1.sdk/project/Debug/project.elf
configparams force-mem-access 0
----------------End of Script----------------

13:17:45 INFO  : Memory regions updated for context APU
13:17:45 INFO  : Context for processor 'ps7_cortexa9_0' is selected.
13:17:45 INFO  : 'con' command is executed.
13:17:45 INFO  : ----------------XSDB Script (After Launch)----------------
targets -set -nocase -filter {name =~ "ARM*#0" && jtag_cable_name =~ "Digilent Zybo 210279772620A"} -index 0
con
----------------End of Script----------------

13:17:45 INFO  : Launch script is exported to file '/home/jacoboffersen/project_1.sdk/.sdk/launch_scripts/xilinx_c-c++_application_(system_debugger)/system_debugger_using_debug_project.elf_on_local.tcl'
13:22:25 INFO  : Disconnected from the channel tcfchan#1.
13:22:26 INFO  : 'targets -set -filter {jtag_cable_name =~ "Digilent Zybo 210279772620A" && level==0} -index 1' command is executed.
13:22:26 INFO  : 'fpga -state' command is executed.
13:22:26 INFO  : Connected to target on host '127.0.0.1' and port '3121'.
13:22:26 INFO  : Jtag cable 'Digilent Zybo 210279772620A' is selected.
13:22:26 INFO  : 'jtag frequency' command is executed.
13:22:26 INFO  : Sourcing of '/home/jacoboffersen/project_1.sdk/design_1_wrapper_hw_platform_0/ps7_init.tcl' is done.
13:22:26 INFO  : Context for 'APU' is selected.
13:22:27 INFO  : Hardware design information is loaded from '/home/jacoboffersen/project_1.sdk/design_1_wrapper_hw_platform_0/system.hdf'.
13:22:27 INFO  : 'configparams force-mem-access 1' command is executed.
13:22:27 INFO  : Context for 'APU' is selected.
13:22:27 INFO  : 'stop' command is executed.
13:22:27 INFO  : 'ps7_init' command is executed.
13:22:27 INFO  : 'ps7_post_config' command is executed.
13:22:27 INFO  : Context for processor 'ps7_cortexa9_0' is selected.
13:22:27 INFO  : Processor reset is completed for 'ps7_cortexa9_0'.
13:22:27 INFO  : Context for processor 'ps7_cortexa9_0' is selected.
13:22:28 INFO  : The application '/home/jacoboffersen/project_1.sdk/project/Debug/project.elf' is downloaded to processor 'ps7_cortexa9_0'.
13:22:28 INFO  : 'configparams force-mem-access 0' command is executed.
13:22:28 INFO  : ----------------XSDB Script----------------
connect -url tcp:127.0.0.1:3121
source /home/jacoboffersen/project_1.sdk/design_1_wrapper_hw_platform_0/ps7_init.tcl
targets -set -nocase -filter {name =~"APU*" && jtag_cable_name =~ "Digilent Zybo 210279772620A"} -index 0
loadhw -hw /home/jacoboffersen/project_1.sdk/design_1_wrapper_hw_platform_0/system.hdf -mem-ranges [list {0x40000000 0xbfffffff}]
configparams force-mem-access 1
targets -set -nocase -filter {name =~"APU*" && jtag_cable_name =~ "Digilent Zybo 210279772620A"} -index 0
stop
ps7_init
ps7_post_config
targets -set -nocase -filter {name =~ "ARM*#0" && jtag_cable_name =~ "Digilent Zybo 210279772620A"} -index 0
rst -processor
targets -set -nocase -filter {name =~ "ARM*#0" && jtag_cable_name =~ "Digilent Zybo 210279772620A"} -index 0
dow /home/jacoboffersen/project_1.sdk/project/Debug/project.elf
configparams force-mem-access 0
----------------End of Script----------------

13:22:28 INFO  : Memory regions updated for context APU
13:22:28 INFO  : Context for processor 'ps7_cortexa9_0' is selected.
13:22:28 INFO  : 'con' command is executed.
13:22:28 INFO  : ----------------XSDB Script (After Launch)----------------
targets -set -nocase -filter {name =~ "ARM*#0" && jtag_cable_name =~ "Digilent Zybo 210279772620A"} -index 0
con
----------------End of Script----------------

13:22:28 INFO  : Launch script is exported to file '/home/jacoboffersen/project_1.sdk/.sdk/launch_scripts/xilinx_c-c++_application_(system_debugger)/system_debugger_using_debug_project.elf_on_local.tcl'
13:22:52 INFO  : Disconnected from the channel tcfchan#2.
13:24:52 INFO  : Launching XSCT server: xsct -n -interactive /home/jacoboffersen/Repos/interrupt/project_1.sdk/temp_xsdb_launch_script.tcl
13:24:53 INFO  : XSCT server has started successfully.
13:24:53 INFO  : Successfully done setting XSCT server connection channel  
13:24:54 INFO  : Successfully done setting SDK workspace  
13:24:55 INFO  : Registering command handlers for SDK TCF services
13:24:56 INFO  : Processing command line option -hwspec /home/jacoboffersen/Repos/interrupt/project_1.sdk/design_1_wrapper.hdf.
13:25:15 INFO  : Connected to target on host '127.0.0.1' and port '3121'.
13:25:15 INFO  : 'targets -set -filter {jtag_cable_name =~ "Digilent Zybo 210279772620A" && level==0} -index 1' command is executed.
13:25:16 INFO  : FPGA configured successfully with bitstream "/home/jacoboffersen/Repos/interrupt/project_1.sdk/design_1_wrapper_hw_platform_0/design_1_wrapper.bit"
13:25:20 INFO  : 'targets -set -filter {jtag_cable_name =~ "Digilent Zybo 210279772620A" && level==0} -index 1' command is executed.
13:25:20 INFO  : 'fpga -state' command is executed.
13:25:20 INFO  : Connected to target on host '127.0.0.1' and port '3121'.
13:25:20 INFO  : Jtag cable 'Digilent Zybo 210279772620A' is selected.
13:25:20 INFO  : 'jtag frequency' command is executed.
13:25:20 INFO  : Sourcing of '/home/jacoboffersen/Repos/interrupt/project_1.sdk/design_1_wrapper_hw_platform_0/ps7_init.tcl' is done.
13:25:20 INFO  : Context for 'APU' is selected.
13:25:20 INFO  : Hardware design information is loaded from '/home/jacoboffersen/Repos/interrupt/project_1.sdk/design_1_wrapper_hw_platform_0/system.hdf'.
13:25:20 INFO  : 'configparams force-mem-access 1' command is executed.
13:25:20 INFO  : Context for 'APU' is selected.
13:25:20 INFO  : 'stop' command is executed.
13:25:20 INFO  : 'ps7_init' command is executed.
13:25:20 INFO  : 'ps7_post_config' command is executed.
13:25:20 INFO  : Context for processor 'ps7_cortexa9_0' is selected.
13:25:20 INFO  : Processor reset is completed for 'ps7_cortexa9_0'.
13:25:20 INFO  : Context for processor 'ps7_cortexa9_0' is selected.
13:25:20 INFO  : The application '/home/jacoboffersen/Repos/interrupt/project_1.sdk/project/Debug/project.elf' is downloaded to processor 'ps7_cortexa9_0'.
13:25:20 INFO  : 'configparams force-mem-access 0' command is executed.
13:25:20 INFO  : ----------------XSDB Script----------------
connect -url tcp:127.0.0.1:3121
source /home/jacoboffersen/Repos/interrupt/project_1.sdk/design_1_wrapper_hw_platform_0/ps7_init.tcl
targets -set -nocase -filter {name =~"APU*" && jtag_cable_name =~ "Digilent Zybo 210279772620A"} -index 0
loadhw -hw /home/jacoboffersen/Repos/interrupt/project_1.sdk/design_1_wrapper_hw_platform_0/system.hdf -mem-ranges [list {0x40000000 0xbfffffff}]
configparams force-mem-access 1
targets -set -nocase -filter {name =~"APU*" && jtag_cable_name =~ "Digilent Zybo 210279772620A"} -index 0
stop
ps7_init
ps7_post_config
targets -set -nocase -filter {name =~ "ARM*#0" && jtag_cable_name =~ "Digilent Zybo 210279772620A"} -index 0
rst -processor
targets -set -nocase -filter {name =~ "ARM*#0" && jtag_cable_name =~ "Digilent Zybo 210279772620A"} -index 0
dow /home/jacoboffersen/Repos/interrupt/project_1.sdk/project/Debug/project.elf
configparams force-mem-access 0
----------------End of Script----------------

13:25:20 INFO  : Memory regions updated for context APU
13:25:20 INFO  : Context for processor 'ps7_cortexa9_0' is selected.
13:25:20 INFO  : 'con' command is executed.
13:25:20 INFO  : ----------------XSDB Script (After Launch)----------------
targets -set -nocase -filter {name =~ "ARM*#0" && jtag_cable_name =~ "Digilent Zybo 210279772620A"} -index 0
con
----------------End of Script----------------

13:25:20 INFO  : Launch script is exported to file '/home/jacoboffersen/Repos/interrupt/project_1.sdk/.sdk/launch_scripts/xilinx_c-c++_application_(system_debugger)/system_debugger_using_debug_project.elf_on_local.tcl'
